<?xml version="1.0" encoding="UTF-8"?>
<!-- Generated by org.testng.reporters.JUnitReportReporter -->
<testsuite hostname="DESKTOP-QM7APT1" failures="0" tests="1" name="com.qa.testLayer.FBLoginPageTest" time="9.284" errors="0" timestamp="2022-09-01T14:34:29 IST" skipped="0">
  <testcase classname="com.qa.testLayer.FBLoginPageTest" name="verifyLoginTest" time="9.284"/>
  <system-out/>
</testsuite> <!-- com.qa.testLayer.FBLoginPageTest -->
